<?xml version="1.0" encoding="UTF-8"?>
<testng-results ignored="0" total="1" passed="1" failed="0" skipped="0">
  <reporter-output>
  </reporter-output>
  <suite started-at="2025-01-23T23:02:48 IST" name="Suite" finished-at="2025-01-23T23:03:10 IST" duration-ms="22012">
    <groups>
    </groups>
    <test started-at="2025-01-23T23:02:48 IST" name="Test" finished-at="2025-01-23T23:03:10 IST" duration-ms="22012">
      <class name="PageObjectModel.TestMethod">
        <test-method is-config="true" signature="setup()[pri:0, instance:PageObjectModel.TestMethod@1349883]" started-at="2025-01-23T23:02:48 IST" name="setup" finished-at="2025-01-23T23:02:56 IST" duration-ms="8284" status="PASS">
          <reporter-output>
          </reporter-output>
        </test-method> <!-- setup -->
        <test-method signature="Test()[pri:0, instance:PageObjectModel.TestMethod@1349883]" started-at="2025-01-23T23:02:56 IST" name="Test" finished-at="2025-01-23T23:03:04 IST" duration-ms="7962" status="PASS">
          <reporter-output>
          </reporter-output>
        </test-method> <!-- Test -->
        <test-method is-config="true" signature="tearDown()[pri:0, instance:PageObjectModel.TestMethod@1349883]" started-at="2025-01-23T23:03:04 IST" name="tearDown" finished-at="2025-01-23T23:03:10 IST" duration-ms="5710" status="PASS">
          <reporter-output>
          </reporter-output>
        </test-method> <!-- tearDown -->
      </class> <!-- PageObjectModel.TestMethod -->
    </test> <!-- Test -->
  </suite> <!-- Suite -->
</testng-results>
