<?xml version="1.0" encoding="UTF-8"?>
<!-- Generated by org.testng.reporters.JUnitXMLReporter -->
<testsuite ignored="4" hostname="LAPTOP-KAR4A207" failures="0" tests="3" name="Test" time="0.08" errors="0" timestamp="2025-01-22T20:04:36 IST">
  <testcase classname="GroupingMethods.GroupingConcepts" name="loginFacebook" time="0.01"/>
  <testcase classname="GroupingMethods.PaymentsTestMethod" name="paymentInrupeess" time="0.001"/>
  <testcase classname="GroupingMethods.Signuptest" name="signup" time="0.002"/>
  <testcase classname="GroupingMethods.GroupingConcepts" name="loginByEmail" time="0.0">
    <ignored/>
  </testcase> <!-- loginByEmail -->
  <testcase classname="GroupingMethods.PaymentsTestMethod" name="paymentincurrency" time="0.0">
    <ignored/>
  </testcase> <!-- paymentincurrency -->
  <testcase classname="GroupingMethods.Signuptest" name="signupbytwitter" time="0.0">
    <ignored/>
  </testcase> <!-- signupbytwitter -->
  <testcase classname="GroupingMethods.GroupingConcepts" name="logoutfacebook" time="0.0">
    <ignored/>
  </testcase> <!-- logoutfacebook -->
</testsuite> <!-- Test -->
