<?xml version="1.0" encoding="UTF-8"?>
<!-- Generated by org.testng.reporters.JUnitXMLReporter -->
<testsuite ignored="0" hostname="LAPTOP-KAR4A207" failures="0" tests="3" name="ChromeExection" time="15.22" errors="0" timestamp="2025-01-22T22:07:32 IST">
  <testcase classname="DataProviderDemo.ParamTest" name="testLogo" time="5.049"/>
  <testcase classname="DataProviderDemo.ParamTest" name="testTitle" time="0.011"/>
  <testcase classname="DataProviderDemo.ParamTest" name="testURL" time="0.012"/>
</testsuite> <!-- ChromeExection -->
