<?xml version="1.0" encoding="UTF-8"?>
<!-- Generated by org.testng.reporters.JUnitXMLReporter -->
<testsuite ignored="0" hostname="LAPTOP-KAR4A207" failures="1" tests="3" name="Test" time="12.1" errors="0" timestamp="2025-01-22T23:31:25 IST">
  <testcase classname="ListenersExercises.ListernersExerceise" name="testLogo" time="5.098"/>
  <testcase classname="ListenersExercises.ListernersExerceise" name="testURL" time="0.01"/>
  <testcase classname="ListenersExercises.ListernersExerceise" name="testTitle" time="0.014">
    <failure type="java.lang.AssertionError" message="expected [OrangeHR] but found [OrangeHRM]">
      <![CDATA[java.lang.AssertionError: expected [OrangeHR] but found [OrangeHRM]
at ListenersExercises.ListernersExerceise.testTitle(ListernersExerceise.java:58)
at java.base/java.util.ArrayList.forEach(ArrayList.java:1511)
... Removed 33 stack frames]]>
    </failure>
  </testcase> <!-- testTitle -->
</testsuite> <!-- Test -->
